# JRE version: OpenJDK Runtime Environment Microsoft-7208460 (11.0.18+10) (build 11.0.18+10-LTS)
# Java VM: OpenJDK 64-Bit Server VM Microsoft-7208460 (11.0.18+10-LTS, mixed mode, tiered, compressed oops, g1 gc, windows-amd64)
Heap:
 garbage-first heap   total 152576K, used 53760K [0x0000000085800000, 0x0000000100000000)
  region size 1024K, 21 young (21504K), 6 survivors (6144K)
 Metaspace       used 61128K, capacity 61968K, committed 62208K, reserved 1103872K
  class space    used 7059K, capacity 7404K, committed 7424K, reserved 1048576K
GC Heap History (14 events):
Event: 4.048 GC heap before
{Heap before GC invocations=0 (full 0):
 garbage-first heap   total 126976K, used 17408K [0x0000000085800000, 0x0000000100000000)
  region size 1024K, 14 young (14336K), 0 survivors (0K)
 Metaspace       used 9880K, capacity 10034K, committed 10112K, reserved 1058816K
  class space    used 826K, capacity 853K, committed 896K, reserved 1048576K
}
Event: 4.178 GC heap after
{Heap after GC invocations=1 (full 0):
 garbage-first heap   total 126976K, used 5357K [0x0000000085800000, 0x0000000100000000)
  region size 1024K, 2 young (2048K), 2 survivors (2048K)
 Metaspace       used 9880K, capacity 10034K, committed 10112K, reserved 1058816K
  class space    used 826K, capacity 853K, committed 896K, reserved 1048576K
}
Event: 7.257 GC heap before
{Heap before GC invocations=1 (full 0):
 garbage-first heap   total 126976K, used 51437K [0x0000000085800000, 0x0000000100000000)
  region size 1024K, 48 young (49152K), 2 survivors (2048K)
 Metaspace       used 20970K, capacity 21182K, committed 21248K, reserved 1069056K
  class space    used 2199K, capacity 2280K, committed 2304K, reserved 1048576K
}
Event: 7.275 GC heap after
{Heap after GC invocations=2 (full 0):
 garbage-first heap   total 126976K, used 9229K [0x0000000085800000, 0x0000000100000000)
  region size 1024K, 6 young (6144K), 6 survivors (6144K)
 Metaspace       used 20970K, capacity 21182K, committed 21248K, reserved 1069056K
  class space    used 2199K, capacity 2280K, committed 2304K, reserved 1048576K
}
Event: 11.691 GC heap before
{Heap before GC invocations=3 (full 0):
 garbage-first heap   total 126976K, used 62477K [0x0000000085800000, 0x0000000100000000)
  region size 1024K, 53 young (54272K), 6 survivors (6144K)
 Metaspace       used 32386K, capacity 32799K, committed 32896K, reserved 1077248K
  class space    used 3998K, capacity 4182K, committed 4224K, reserved 1048576K
}
Event: 11.734 GC heap after
{Heap after GC invocations=4 (full 0):
 garbage-first heap   total 126976K, used 20739K [0x0000000085800000, 0x0000000100000000)
  region size 1024K, 7 young (7168K), 7 survivors (7168K)
 Metaspace       used 32386K, capacity 32799K, committed 32896K, reserved 1077248K
  class space    used 3998K, capacity 4182K, committed 4224K, reserved 1048576K
}
Event: 12.760 GC heap before
{Heap before GC invocations=4 (full 0):
 garbage-first heap   total 126976K, used 33027K [0x0000000085800000, 0x0000000100000000)
  region size 1024K, 20 young (20480K), 7 survivors (7168K)
 Metaspace       used 35282K, capacity 35722K, committed 35840K, reserved 1081344K
  class space    used 4300K, capacity 4474K, committed 4480K, reserved 1048576K
}
Event: 12.777 GC heap after
{Heap after GC invocations=5 (full 0):
 garbage-first heap   total 126976K, used 20112K [0x0000000085800000, 0x0000000100000000)
  region size 1024K, 2 young (2048K), 2 survivors (2048K)
 Metaspace       used 35282K, capacity 35722K, committed 35840K, reserved 1081344K
  class space    used 4300K, capacity 4474K, committed 4480K, reserved 1048576K
}
Event: 17.258 GC heap before
{Heap before GC invocations=6 (full 0):
 garbage-first heap   total 126976K, used 73360K [0x0000000085800000, 0x0000000100000000)
  region size 1024K, 54 young (55296K), 2 survivors (2048K)
 Metaspace       used 45925K, capacity 46482K, committed 46592K, reserved 1089536K
  class space    used 5340K, capacity 5555K, committed 5632K, reserved 1048576K
}
Event: 17.288 GC heap after
{Heap after GC invocations=7 (full 0):
 garbage-first heap   total 126976K, used 25547K [0x0000000085800000, 0x0000000100000000)
  region size 1024K, 7 young (7168K), 7 survivors (7168K)
 Metaspace       used 45925K, capacity 46482K, committed 46592K, reserved 1089536K
  class space    used 5340K, capacity 5555K, committed 5632K, reserved 1048576K
}
Event: 20.687 GC heap before
{Heap before GC invocations=7 (full 0):
 garbage-first heap   total 126976K, used 84939K [0x0000000085800000, 0x0000000100000000)
  region size 1024K, 62 young (63488K), 7 survivors (7168K)
 Metaspace       used 52518K, capacity 53142K, committed 53376K, reserved 1095680K
  class space    used 5994K, capacity 6245K, committed 6272K, reserved 1048576K
}
Event: 20.721 GC heap after
{Heap after GC invocations=8 (full 0):
 garbage-first heap   total 126976K, used 35107K [0x0000000085800000, 0x0000000100000000)
  region size 1024K, 8 young (8192K), 8 survivors (8192K)
 Metaspace       used 52518K, capacity 53142K, committed 53376K, reserved 1095680K
  class space    used 5994K, capacity 6245K, committed 6272K, reserved 1048576K
}
Event: 25.561 GC heap before
{Heap before GC invocations=8 (full 0):
 garbage-first heap   total 126976K, used 77091K [0x0000000085800000, 0x0000000100000000)
  region size 1024K, 50 young (51200K), 8 survivors (8192K)
 Metaspace       used 59446K, capacity 60220K, committed 60288K, reserved 1101824K
  class space    used 6896K, capacity 7232K, committed 7296K, reserved 1048576K
}
Event: 25.720 GC heap after
{Heap after GC invocations=9 (full 0):
 garbage-first heap   total 152576K, used 39424K [0x0000000085800000, 0x0000000100000000)
  region size 1024K, 6 young (6144K), 6 survivors (6144K)
 Metaspace       used 59446K, capacity 60220K, committed 60288K, reserved 1101824K
  class space    used 6896K, capacity 7232K, committed 7296K, reserved 1048576K
}

